\BOOKMARK [0][-]{Doc-Start}{\376\377\144\130\000\040\211\201}{}% 1
\BOOKMARK [0][-]{Doc-Start}{\376\377\000A\000b\000s\000t\000r\000a\000c\000t}{}% 2
\BOOKMARK [0][-]{Doc-Start}{\376\377\166\356\000\040\137\125}{}% 3
\BOOKMARK [0][-]{Doc-Start}{\376\377\126\376\000\040\166\356\000\040\137\125}{}% 4
\BOOKMARK [0][-]{Doc-Start}{\376\377\210\150\000\040\166\356\000\040\137\125}{}% 5
\BOOKMARK [0][-]{chapter.1}{\376\377\176\352\213\272}{}% 6
\BOOKMARK [1][-]{section.1.1}{\376\377\170\024\172\166\200\314\146\157\123\312\141\017\116\111}{chapter.1}% 7
\BOOKMARK [2][-]{subsection.1.1.1}{\376\377\147\010\227\142\143\242\155\113\166\204\171\321\133\146\116\367\120\074\116\016\135\345\172\013\230\316\226\151}{section.1.1}% 8
\BOOKMARK [2][-]{subsection.1.1.2}{\376\377\127\060\000-\147\010\220\032\213\257\145\366\136\366\116\016\220\145\144\315\117\134\134\100\226\120}{section.1.1}% 9
\BOOKMARK [2][-]{subsection.1.1.3}{\376\377\145\160\133\127\133\152\165\037\142\200\147\057\166\204\155\361\172\172\143\242\155\113\133\232\117\115}{section.1.1}% 10
\BOOKMARK [1][-]{section.1.2}{\376\377\126\375\121\205\131\026\170\024\172\166\163\260\162\266}{chapter.1}% 11
\BOOKMARK [2][-]{subsection.1.2.1}{\376\377\147\010\227\142\163\257\130\203\136\372\152\041\170\024\172\166\163\260\162\266}{section.1.2}% 12
\BOOKMARK [2][-]{subsection.1.2.2}{\376\377\147\010\227\142\135\341\211\306\126\150\217\156\000-\130\344\166\370\116\222\117\134\165\050\122\233\133\146\170\024\172\166\163\260\162\266}{section.1.2}% 13
\BOOKMARK [2][-]{subsection.1.2.3}{\376\377\147\010\227\142\135\341\211\306\126\150\211\306\211\311\141\037\167\345\116\016\127\060\137\142\164\006\211\343\170\024\172\166\163\260\162\266}{section.1.2}% 14
\BOOKMARK [2][-]{subsection.1.2.4}{\376\377\147\010\227\142\135\341\211\306\126\150\215\357\137\204\211\304\122\022\116\016\201\352\116\073\133\374\202\052\170\024\172\166\163\260\162\266}{section.1.2}% 15
\BOOKMARK [2][-]{subsection.1.2.5}{\376\377\145\160\133\127\133\152\165\037\142\200\147\057\127\050\202\052\131\051\230\206\127\337\166\204\136\224\165\050\163\260\162\266}{section.1.2}% 16
\BOOKMARK [1][-]{section.1.3}{\376\377\163\260\133\130\226\276\160\271\123\312\225\356\230\230\122\006\147\220}{chapter.1}% 17
\BOOKMARK [2][-]{subsection.1.3.1}{\376\377\147\010\227\142\135\341\211\306\126\150\201\352\116\073\210\114\215\160\166\204\150\070\137\303\226\276\160\271}{section.1.3}% 18
\BOOKMARK [2][-]{subsection.1.3.2}{\376\377\116\011\131\047\171\321\133\146\225\356\230\230\143\320\121\372}{section.1.3}% 19
\BOOKMARK [1][-]{section.1.4}{\376\377\213\272\145\207\116\073\211\201\170\024\172\166\121\205\133\271\123\312\172\340\202\202\133\211\143\222}{chapter.1}% 20
\BOOKMARK [2][-]{subsection.1.4.1}{\376\377\170\024\172\166\121\205\133\271\116\016\121\163\225\056\142\200\147\057\215\357\176\277}{section.1.4}% 21
\BOOKMARK [2][-]{subsection.1.4.2}{\376\377\147\054\145\207\172\340\202\202\133\211\143\222}{section.1.4}% 22
\BOOKMARK [0][-]{chapter.2}{\376\377\127\372\116\216\130\236\137\072\116\224\176\364\152\041\127\213\166\204\147\010\227\142\135\341\211\306\126\150\201\352\116\073\210\114\215\160\145\160\133\127\133\152\165\037\150\106\147\266}{}% 23
\BOOKMARK [1][-]{section.2.1}{\376\377\176\317\121\170\116\224\176\364\152\041\127\213\166\204\220\002\165\050\140\047\122\006\147\220\116\016\143\021\142\030}{chapter.2}% 24
\BOOKMARK [2][-]{subsection.2.1.1}{\376\377\176\317\121\170\145\160\133\127\133\152\165\037\116\224\176\364\152\041\127\213\150\070\137\303\121\205\155\265\126\336\230\176}{section.2.1}% 25
\BOOKMARK [2][-]{subsection.2.1.2}{\376\377\166\364\143\245\136\224\165\050\116\216\147\010\227\142\201\352\116\073\210\114\215\160\127\072\146\157\166\204\134\100\226\120\140\047}{section.2.1}% 26
\BOOKMARK [1][-]{section.2.2}{\376\377\227\142\124\021\147\010\227\142\135\341\211\306\126\150\201\352\116\073\210\114\215\160\166\204\145\160\133\127\133\152\165\037\130\236\137\072\116\224\176\364\152\041\127\213}{chapter.2}% 27
\BOOKMARK [2][-]{subsection.2.2.1}{\376\377\130\236\137\072\166\204\162\151\164\006\133\236\117\123}{section.2.2}% 28
\BOOKMARK [2][-]{subsection.2.2.2}{\376\377\130\236\137\072\166\204\206\132\142\337\133\236\117\123}{section.2.2}% 29
\BOOKMARK [2][-]{subsection.2.2.3}{\376\377\130\236\137\072\166\204\147\015\122\241}{section.2.2}% 30
\BOOKMARK [2][-]{subsection.2.2.4}{\376\377\130\236\137\072\166\204\133\152\165\037\145\160\143\156}{section.2.2}% 31
\BOOKMARK [2][-]{subsection.2.2.5}{\376\377\130\236\137\072\166\204\217\336\143\245}{section.2.2}% 32
\BOOKMARK [1][-]{section.2.3}{\376\377\147\010\227\142\135\341\211\306\126\150\201\352\116\073\210\114\215\160\130\236\137\072\145\160\133\127\133\152\165\037\140\073\117\123\147\266\147\204}{chapter.2}% 33
\BOOKMARK [1][-]{section.2.4}{\376\377\147\054\172\340\134\017\176\323}{chapter.2}% 34
\BOOKMARK [0][-]{chapter.3}{\376\377\147\010\227\142\163\257\130\203\145\160\133\127\133\152\165\037\136\372\152\041\116\016\116\377\167\037}{}% 35
\BOOKMARK [1][-]{section.3.1}{\376\377\137\025\212\000}{chapter.3}% 36
\BOOKMARK [1][-]{section.3.2}{\376\377\147\010\227\142\127\060\137\142\145\160\133\127\133\152\165\037\136\372\152\041}{chapter.3}% 37
\BOOKMARK [2][-]{subsection.3.2.1}{\376\377\127\060\137\142\145\160\143\156\203\267\123\326\116\016\230\204\131\004\164\006}{section.3.2}% 38
\BOOKMARK [2][-]{subsection.3.2.2}{\376\377\116\011\176\364\127\060\137\142\152\041\127\213\147\204\136\372}{section.3.2}% 39
\BOOKMARK [2][-]{subsection.3.2.3}{\376\377\127\060\137\142\162\171\137\201\143\320\123\326}{section.3.2}% 40
\BOOKMARK [1][-]{section.3.3}{\376\377\147\010\130\344\163\257\130\203\145\160\133\127\133\152\165\037\136\372\152\041}{chapter.3}% 41
\BOOKMARK [2][-]{subsection.3.3.1}{\376\377\147\010\130\344\162\151\164\006\162\171\140\047\122\006\147\220}{section.3.3}% 42
\BOOKMARK [2][-]{subsection.3.3.2}{\376\377\147\010\130\344\122\233\133\146\147\054\147\204\152\041\127\213}{section.3.3}% 43
\BOOKMARK [2][-]{subsection.3.3.3}{\376\377\147\010\130\344\123\302\145\160\172\172\225\364\122\006\136\003\136\372\152\041}{section.3.3}% 44
\BOOKMARK [1][-]{section.3.4}{\376\377\147\010\227\142\121\111\161\147\116\016\156\051\136\246\163\257\130\203\136\372\152\041}{chapter.3}% 45
\BOOKMARK [2][-]{subsection.3.4.1}{\376\377\131\052\226\063\217\320\122\250\211\304\137\213\122\006\147\220}{section.3.4}% 46
\BOOKMARK [2][-]{subsection.3.4.2}{\376\377\121\111\161\147\127\072\136\372\152\041}{section.3.4}% 47
\BOOKMARK [2][-]{subsection.3.4.3}{\376\377\156\051\136\246\127\072\136\372\152\041}{section.3.4}% 48
\BOOKMARK [1][-]{section.3.5}{\376\377\133\236\232\214\124\214\176\323\147\234\122\006\147\220}{chapter.3}% 49
\BOOKMARK [2][-]{subsection.3.5.1}{\376\377\145\160\143\156\226\306}{section.3.5}% 50
\BOOKMARK [2][-]{subsection.3.5.2}{\376\377\133\236\232\214\213\276\177\156}{section.3.5}% 51
\BOOKMARK [2][-]{subsection.3.5.3}{\376\377\133\236\232\214\176\323\147\234\123\312\122\006\147\220}{section.3.5}% 52
\BOOKMARK [1][-]{section.3.6}{\376\377\147\054\172\340\134\017\176\323}{chapter.3}% 53
\BOOKMARK [0][-]{chapter.4}{\376\377\147\010\227\142\135\341\211\306\126\150\122\250\122\233\133\146\145\160\133\127\133\152\165\037\136\372\152\041}{}% 54
\BOOKMARK [1][-]{section.4.1}{\376\377\137\025\212\000}{chapter.4}% 55
\BOOKMARK [1][-]{section.4.2}{\376\377\217\156\000-\130\344\116\244\116\222\122\233\133\146\164\006\213\272}{chapter.4}% 56
\BOOKMARK [2][-]{subsection.4.2.1}{\376\377\176\317\121\170\127\060\227\142\122\233\133\146\164\006\213\272\126\336\230\176}{section.4.2}% 57
\BOOKMARK [2][-]{subsection.4.2.2}{\376\377\200\003\206\121\156\321\171\373\166\204\217\156\000-\130\344\166\370\116\222\117\134\165\050\152\041\127\213}{section.4.2}% 58
\BOOKMARK [2][-]{subsection.4.2.3}{\376\377\117\116\221\315\122\233\163\257\130\203\117\356\153\143}{section.4.2}% 59
\BOOKMARK [1][-]{section.4.3}{\376\377\131\032\117\123\122\250\122\233\133\146\152\041\127\213\147\204\136\372}{chapter.4}% 60
\BOOKMARK [2][-]{subsection.4.3.1}{\376\377\135\341\211\306\126\150\142\323\142\121\176\323\147\204\122\006\147\220}{section.4.3}% 61
\BOOKMARK [2][-]{subsection.4.3.2}{\376\377\217\320\122\250\133\146\145\271\172\013\136\372\172\313}{section.4.3}% 62
\BOOKMARK [2][-]{subsection.4.3.3}{\376\377\122\250\122\233\133\146\145\271\172\013\136\372\172\313}{section.4.3}% 63
\BOOKMARK [2][-]{subsection.4.3.4}{\376\377\145\160\133\127\133\152\165\037\116\377\167\037\133\236\163\260}{section.4.3}% 64
\BOOKMARK [1][-]{section.4.4}{\376\377\133\236\232\214\124\214\176\323\147\234\122\006\147\220}{chapter.4}% 65
\BOOKMARK [2][-]{subsection.4.4.1}{\376\377\122\250\122\233\133\146\152\041\127\213\232\214\213\301\116\016\150\041\121\306}{section.4.4}% 66
\BOOKMARK [2][-]{subsection.4.4.2}{\376\377\122\250\122\233\133\146\145\160\133\127\133\152\165\037\133\236\145\366\116\377\167\037}{section.4.4}% 67
\BOOKMARK [2][-]{subsection.4.4.3}{\376\377\133\236\232\214\176\323\147\234\122\006\147\220}{section.4.4}% 68
\BOOKMARK [1][-]{section.4.5}{\376\377\147\054\172\340\134\017\176\323}{chapter.4}% 69
\BOOKMARK [0][-]{chapter.5}{\376\377\127\372\116\216\145\160\133\127\133\152\165\037\166\204\147\010\227\142\134\251\167\363\213\306\122\053\116\016\220\177\226\234}{}% 70
\BOOKMARK [1][-]{section.5.1}{\376\377\137\025\212\000}{chapter.5}% 71
\BOOKMARK [1][-]{section.5.2}{\376\377\145\160\133\127\133\152\165\037\136\163\123\360\116\013\166\204\134\251\167\363\213\306\122\053\150\106\147\266}{chapter.5}% 72
\BOOKMARK [2][-]{subsection.5.2.1}{\376\377\150\106\147\266\140\073\117\123\213\276\213\241}{section.5.2}% 73
\BOOKMARK [2][-]{subsection.5.2.2}{\376\377\145\160\143\156\155\101\213\276\213\241}{section.5.2}% 74
\BOOKMARK [1][-]{section.5.3}{\376\377\130\236\137\072\127\213\000O\000R\000B\000-\000S\000L\000A\000M\0002\174\373\176\337}{chapter.5}% 75
\BOOKMARK [2][-]{subsection.5.3.1}{\376\377\000O\000R\000B\000-\000S\000L\000A\000M\0002\127\372\170\100\150\106\147\266}{section.5.3}% 76
\BOOKMARK [2][-]{subsection.5.3.2}{\376\377\224\210\133\371\147\010\227\142\163\257\130\203\166\204\130\236\137\072\213\276\213\241}{section.5.3}% 77
\BOOKMARK [2][-]{subsection.5.3.3}{\376\377\134\251\167\363\116\011\176\364\221\315\136\372}{section.5.3}% 78
\BOOKMARK [1][-]{section.5.4}{\376\377\127\372\116\216\134\251\167\363\213\306\122\053\166\204\220\177\226\234\173\126\165\145}{chapter.5}% 79
\BOOKMARK [2][-]{subsection.5.4.1}{\376\377\132\001\200\301\213\304\117\060}{section.5.4}% 80
\BOOKMARK [2][-]{subsection.5.4.2}{\376\377\220\177\226\234\121\263\173\126}{section.5.4}% 81
\BOOKMARK [2][-]{subsection.5.4.3}{\376\377\215\357\137\204\221\315\211\304\122\022}{section.5.4}% 82
\BOOKMARK [1][-]{section.5.5}{\376\377\133\236\232\214\124\214\176\323\147\234\122\006\147\220}{chapter.5}% 83
\BOOKMARK [2][-]{subsection.5.5.1}{\376\377\133\236\232\214\213\276\177\156}{section.5.5}% 84
\BOOKMARK [2][-]{subsection.5.5.2}{\376\377\173\227\154\325\232\214\213\301\116\016\140\047\200\375\122\006\147\220}{section.5.5}% 85
\BOOKMARK [1][-]{section.5.6}{\376\377\147\054\172\340\134\017\176\323}{chapter.5}% 86
\BOOKMARK [0][-]{chapter.6}{\376\377\127\372\116\216\145\160\133\127\133\152\165\037\166\204\135\341\211\306\126\150\215\357\137\204\211\304\122\022}{}% 87
\BOOKMARK [1][-]{section.6.1}{\376\377\137\025\212\000}{chapter.6}% 88
\BOOKMARK [1][-]{section.6.2}{\376\377\145\160\133\127\133\152\165\037\163\257\130\203\116\013\166\204\215\357\137\204\211\304\122\022\150\106\147\266}{chapter.6}% 89
\BOOKMARK [2][-]{subsection.6.2.1}{\376\377\150\106\147\266\140\073\117\123\213\276\213\241}{section.6.2}% 90
\BOOKMARK [2][-]{subsection.6.2.2}{\376\377\145\160\133\127\133\152\165\037\145\057\144\221}{section.6.2}% 91
\BOOKMARK [2][-]{subsection.6.2.3}{\376\377\116\343\116\367\127\060\126\376\147\204\136\372}{section.6.2}% 92
\BOOKMARK [1][-]{section.6.3}{\376\377\127\372\116\216\000A\000-\000D\0003\000Q\000N\166\204\155\367\124\010\215\357\137\204\211\304\122\022\173\227\154\325}{chapter.6}% 93
\BOOKMARK [2][-]{subsection.6.3.1}{\376\377\155\361\136\246\137\072\123\026\133\146\116\140\127\372\170\100}{section.6.3}% 94
\BOOKMARK [2][-]{subsection.6.3.2}{\376\377\000A\000-\000D\0003\000Q\000N\173\227\154\325\213\276\213\241}{section.6.3}% 95
\BOOKMARK [2][-]{subsection.6.3.3}{\376\377\155\367\124\010\215\357\137\204\211\304\122\022\173\126\165\145}{section.6.3}% 96
\BOOKMARK [2][-]{subsection.6.3.4}{\376\377\213\255\176\303\116\016\117\030\123\026}{section.6.3}% 97
\BOOKMARK [1][-]{section.6.4}{\376\377\133\236\232\214\124\214\176\323\147\234\122\006\147\220}{chapter.6}% 98
\BOOKMARK [2][-]{subsection.6.4.1}{\376\377\133\236\232\214\213\276\177\156}{section.6.4}% 99
\BOOKMARK [2][-]{subsection.6.4.2}{\376\377\173\227\154\325\232\214\213\301\116\016\140\047\200\375\122\006\147\220}{section.6.4}% 100
\BOOKMARK [1][-]{section.6.5}{\376\377\147\054\172\340\134\017\176\323}{chapter.6}% 101
\BOOKMARK [0][-]{chapter.7}{\376\377\140\073\176\323\116\016\134\125\147\033}{}% 102
\BOOKMARK [1][-]{section.7.1}{\376\377\135\345\117\134\140\073\176\323}{chapter.7}% 103
\BOOKMARK [1][-]{section.7.2}{\376\377\116\073\211\201\122\033\145\260\160\271}{chapter.7}% 104
\BOOKMARK [1][-]{section.7.3}{\376\377\170\024\172\166\134\125\147\033}{chapter.7}% 105
\BOOKMARK [0][-]{appendix.A}{\376\377\226\104\137\125}{}% 106
\BOOKMARK [1][-]{section.A.1}{\376\377\147\010\227\142\135\341\211\306\126\150\116\073\211\201\123\302\145\160}{appendix.A}% 107
\BOOKMARK [1][-]{section.A.2}{\376\377\147\010\130\344\122\233\133\146\123\302\145\160\123\302\200\003\120\074}{appendix.A}% 108
\BOOKMARK [1][-]{section.A.3}{\376\377\173\227\154\325\117\052\116\343\170\001}{appendix.A}% 109
\BOOKMARK [2][-]{subsection.A.3.1}{\376\377\000A\000-\000D\0003\000Q\000N\173\227\154\325\117\052\116\343\170\001}{section.A.3}% 110
\BOOKMARK [1][-]{section.A.4}{\376\377\116\073\211\201\173\046\123\367\213\364\146\016}{appendix.A}% 111
\BOOKMARK [0][-]{table.A.3}{\376\377\123\302\200\003\145\207\163\056}{}% 112
\BOOKMARK [0][-]{appendix*.30}{\376\377\201\364\214\042}{}% 113
\BOOKMARK [0][-]{appendix*.31}{\376\377\117\134\200\005\173\200\123\206}{}% 114
